[INFO ][20160325 15:56:36,629][AbstractApplicationContext:510] Refreshing org.springframework.context.support.ClassPathXmlApplicationContext@12e84396: startup date [Fri Mar 25 15:56:36 CST 2016]; root of context hierarchy
[INFO ][20160325 15:56:36,705][XmlBeanDefinitionReader:315] Loading XML bean definitions from class path resource [spring/spring-context.xml]
[INFO ][20160325 15:56:37,119][XmlBeanDefinitionReader:315] Loading XML bean definitions from class path resource [spring/spring-mq.xml]
[INFO ][20160325 15:56:37,305][PropertiesLoaderSupport:172] Loading properties file from class path resource [mq.properties]
[INFO ][20160325 15:56:37,390][DefaultListableBeanFactory:598] Pre-instantiating singletons in org.springframework.beans.factory.support.DefaultListableBeanFactory@759bade4: defining beans [org.springframework.context.annotation.internalConfigurationAnnotationProcessor,org.springframework.context.annotation.internalAutowiredAnnotationProcessor,org.springframework.context.annotation.internalRequiredAnnotationProcessor,org.springframework.context.annotation.internalCommonAnnotationProcessor,mqProducer,org.springframework.context.support.PropertySourcesPlaceholderConfigurer#0,org.springframework.aop.config.internalAutoProxyCreator,targetConnectionFactory,pooledConnectionFactory,connectionFactory,activeMqJmsTemplate,org.springframework.context.annotation.ConfigurationClassPostProcessor.importAwareProcessor]; root of factory hierarchy
[ERROR][20160325 15:56:43,086][MQProducerTest:37] ==>MQ context start error:
org.springframework.jms.UncategorizedJmsException: Uncategorized exception occured during JMS processing; nested exception is javax.jms.JMSException: Error while attempting to add new Connection to the pool; nested exception is javax.jms.JMSException: Could not connect to broker URL: tcp://192.168.6.1.134:61616. Reason: java.lang.IllegalArgumentException: hostname can't be null
	at org.springframework.jms.support.JmsUtils.convertJmsAccessException(JmsUtils.java:316)
	at org.springframework.jms.support.JmsAccessor.convertJmsAccessException(JmsAccessor.java:168)
	at org.springframework.jms.core.JmsTemplate.execute(JmsTemplate.java:469)
	at org.springframework.jms.core.JmsTemplate.send(JmsTemplate.java:543)
	at org.springframework.jms.core.JmsTemplate.send(JmsTemplate.java:529)
	at wusc.edu.demo.mqtest.MQProducer.sendMessage(MQProducer.java:37)
	at wusc.edu.demo.mqtest.MQProducerTest.main(MQProducerTest.java:33)
Caused by: javax.jms.JMSException: Error while attempting to add new Connection to the pool
	at org.apache.activemq.util.JMSExceptionSupport.create(JMSExceptionSupport.java:35)
	at org.apache.activemq.pool.PooledConnectionFactory.createConnection(PooledConnectionFactory.java:216)
	at org.apache.activemq.pool.PooledConnectionFactory.createConnection(PooledConnectionFactory.java:195)
	at org.springframework.jms.connection.SingleConnectionFactory.doCreateConnection(SingleConnectionFactory.java:342)
	at org.springframework.jms.connection.SingleConnectionFactory.initConnection(SingleConnectionFactory.java:288)
	at org.springframework.jms.connection.SingleConnectionFactory.createConnection(SingleConnectionFactory.java:225)
	at org.springframework.jms.support.JmsAccessor.createConnection(JmsAccessor.java:184)
	at org.springframework.jms.core.JmsTemplate.execute(JmsTemplate.java:456)
	... 4 more
Caused by: javax.jms.JMSException: Could not connect to broker URL: tcp://192.168.6.1.134:61616. Reason: java.lang.IllegalArgumentException: hostname can't be null
	at org.apache.activemq.util.JMSExceptionSupport.create(JMSExceptionSupport.java:35)
	at org.apache.activemq.ActiveMQConnectionFactory.createActiveMQConnection(ActiveMQConnectionFactory.java:293)
	at org.apache.activemq.ActiveMQConnectionFactory.createActiveMQConnection(ActiveMQConnectionFactory.java:238)
	at org.apache.activemq.ActiveMQConnectionFactory.createConnection(ActiveMQConnectionFactory.java:184)
	at org.apache.activemq.pool.PooledConnectionFactory.createConnection(PooledConnectionFactory.java:247)
	at org.apache.activemq.pool.PooledConnectionFactory$1.makeObject(PooledConnectionFactory.java:131)
	at org.apache.activemq.pool.PooledConnectionFactory$1.makeObject(PooledConnectionFactory.java:111)
	at org.apache.commons.pool.impl.GenericKeyedObjectPool.addObject(GenericKeyedObjectPool.java:1748)
	at org.apache.activemq.pool.PooledConnectionFactory.createConnection(PooledConnectionFactory.java:214)
	... 10 more
Caused by: java.lang.IllegalArgumentException: hostname can't be null
	at java.net.InetSocketAddress.checkHost(InetSocketAddress.java:149)
	at java.net.InetSocketAddress.<init>(InetSocketAddress.java:216)
	at org.apache.activemq.transport.tcp.TcpTransport.connect(TcpTransport.java:480)
	at org.apache.activemq.transport.tcp.TcpTransport.doStart(TcpTransport.java:459)
	at org.apache.activemq.util.ServiceSupport.start(ServiceSupport.java:55)
	at org.apache.activemq.transport.AbstractInactivityMonitor.start(AbstractInactivityMonitor.java:140)
	at org.apache.activemq.transport.TransportFilter.start(TransportFilter.java:58)
	at org.apache.activemq.transport.WireFormatNegotiator.start(WireFormatNegotiator.java:72)
	at org.apache.activemq.transport.TransportFilter.start(TransportFilter.java:58)
	at org.apache.activemq.transport.TransportFilter.start(TransportFilter.java:58)
	at org.apache.activemq.ActiveMQConnectionFactory.createActiveMQConnection(ActiveMQConnectionFactory.java:273)
	... 17 more
[INFO ][20160325 15:58:01,762][AbstractApplicationContext:510] Refreshing org.springframework.context.support.ClassPathXmlApplicationContext@65218b25: startup date [Fri Mar 25 15:58:01 CST 2016]; root of context hierarchy
[INFO ][20160325 15:58:01,819][XmlBeanDefinitionReader:315] Loading XML bean definitions from class path resource [spring/spring-context.xml]
[INFO ][20160325 15:58:02,058][XmlBeanDefinitionReader:315] Loading XML bean definitions from class path resource [spring/spring-mq.xml]
[INFO ][20160325 15:58:02,211][PropertiesLoaderSupport:172] Loading properties file from class path resource [mq.properties]
[INFO ][20160325 15:58:02,264][DefaultListableBeanFactory:598] Pre-instantiating singletons in org.springframework.beans.factory.support.DefaultListableBeanFactory@5ccab23b: defining beans [org.springframework.context.annotation.internalConfigurationAnnotationProcessor,org.springframework.context.annotation.internalAutowiredAnnotationProcessor,org.springframework.context.annotation.internalRequiredAnnotationProcessor,org.springframework.context.annotation.internalCommonAnnotationProcessor,mqProducer,org.springframework.context.support.PropertySourcesPlaceholderConfigurer#0,org.springframework.aop.config.internalAutoProxyCreator,targetConnectionFactory,pooledConnectionFactory,connectionFactory,activeMqJmsTemplate,org.springframework.context.annotation.ConfigurationClassPostProcessor.importAwareProcessor]; root of factory hierarchy
[INFO ][20160325 15:58:02,661][SingleConnectionFactory:291] Established shared JMS Connection: PooledConnection { ConnectionPool[ActiveMQConnection {id=ID:SKY-20150604JTZ-65394-1458892682440-1:1,clientId=null,started=false}] }
[INFO ][20160325 15:58:03,663][MQProducerTest:40] ===>System.exit
[INFO ][20160325 15:58:03,663][AbstractApplicationContext:1042] Closing org.springframework.context.support.ClassPathXmlApplicationContext@65218b25: startup date [Fri Mar 25 15:58:01 CST 2016]; root of context hierarchy
[INFO ][20160325 15:58:03,664][DefaultSingletonBeanRegistry:444] Destroying singletons in org.springframework.beans.factory.support.DefaultListableBeanFactory@5ccab23b: defining beans [org.springframework.context.annotation.internalConfigurationAnnotationProcessor,org.springframework.context.annotation.internalAutowiredAnnotationProcessor,org.springframework.context.annotation.internalRequiredAnnotationProcessor,org.springframework.context.annotation.internalCommonAnnotationProcessor,mqProducer,org.springframework.context.support.PropertySourcesPlaceholderConfigurer#0,org.springframework.aop.config.internalAutoProxyCreator,targetConnectionFactory,pooledConnectionFactory,connectionFactory,activeMqJmsTemplate,org.springframework.context.annotation.ConfigurationClassPostProcessor.importAwareProcessor]; root of factory hierarchy
[INFO ][20160325 15:58:34,627][AbstractApplicationContext:510] Refreshing org.springframework.context.support.ClassPathXmlApplicationContext@7d365e01: startup date [Fri Mar 25 15:58:34 CST 2016]; root of context hierarchy
[INFO ][20160325 15:58:34,681][XmlBeanDefinitionReader:315] Loading XML bean definitions from class path resource [spring/spring-context.xml]
[INFO ][20160325 15:58:34,890][XmlBeanDefinitionReader:315] Loading XML bean definitions from class path resource [spring/spring-mq.xml]
[INFO ][20160325 15:58:35,030][PropertiesLoaderSupport:172] Loading properties file from class path resource [mq.properties]
[INFO ][20160325 15:58:35,079][DefaultListableBeanFactory:598] Pre-instantiating singletons in org.springframework.beans.factory.support.DefaultListableBeanFactory@5ccab23b: defining beans [org.springframework.context.annotation.internalConfigurationAnnotationProcessor,org.springframework.context.annotation.internalAutowiredAnnotationProcessor,org.springframework.context.annotation.internalRequiredAnnotationProcessor,org.springframework.context.annotation.internalCommonAnnotationProcessor,mqProducer,org.springframework.context.support.PropertySourcesPlaceholderConfigurer#0,org.springframework.aop.config.internalAutoProxyCreator,targetConnectionFactory,pooledConnectionFactory,connectionFactory,activeMqJmsTemplate,org.springframework.context.annotation.ConfigurationClassPostProcessor.importAwareProcessor]; root of factory hierarchy
[INFO ][20160325 15:58:35,382][SingleConnectionFactory:291] Established shared JMS Connection: PooledConnection { ConnectionPool[ActiveMQConnection {id=ID:SKY-20150604JTZ-65414-1458892715261-1:1,clientId=null,started=false}] }
[INFO ][20160325 15:58:35,521][MQProducerTest:40] ===>System.exit
[INFO ][20160325 15:58:35,521][AbstractApplicationContext:1042] Closing org.springframework.context.support.ClassPathXmlApplicationContext@7d365e01: startup date [Fri Mar 25 15:58:34 CST 2016]; root of context hierarchy
[INFO ][20160325 15:58:35,521][DefaultSingletonBeanRegistry:444] Destroying singletons in org.springframework.beans.factory.support.DefaultListableBeanFactory@5ccab23b: defining beans [org.springframework.context.annotation.internalConfigurationAnnotationProcessor,org.springframework.context.annotation.internalAutowiredAnnotationProcessor,org.springframework.context.annotation.internalRequiredAnnotationProcessor,org.springframework.context.annotation.internalCommonAnnotationProcessor,mqProducer,org.springframework.context.support.PropertySourcesPlaceholderConfigurer#0,org.springframework.aop.config.internalAutoProxyCreator,targetConnectionFactory,pooledConnectionFactory,connectionFactory,activeMqJmsTemplate,org.springframework.context.annotation.ConfigurationClassPostProcessor.importAwareProcessor]; root of factory hierarchy
[INFO ][20160325 16:01:11,531][AbstractApplicationContext:510] Refreshing org.springframework.context.support.ClassPathXmlApplicationContext@7d365e01: startup date [Fri Mar 25 16:01:11 CST 2016]; root of context hierarchy
[INFO ][20160325 16:01:11,586][XmlBeanDefinitionReader:315] Loading XML bean definitions from class path resource [spring/spring-context.xml]
[INFO ][20160325 16:01:11,800][XmlBeanDefinitionReader:315] Loading XML bean definitions from class path resource [spring/spring-mq.xml]
[INFO ][20160325 16:01:11,933][PropertiesLoaderSupport:172] Loading properties file from class path resource [mq.properties]
[INFO ][20160325 16:01:11,979][DefaultListableBeanFactory:598] Pre-instantiating singletons in org.springframework.beans.factory.support.DefaultListableBeanFactory@5ccab23b: defining beans [org.springframework.context.annotation.internalConfigurationAnnotationProcessor,org.springframework.context.annotation.internalAutowiredAnnotationProcessor,org.springframework.context.annotation.internalRequiredAnnotationProcessor,org.springframework.context.annotation.internalCommonAnnotationProcessor,mqProducer,org.springframework.context.support.PropertySourcesPlaceholderConfigurer#0,org.springframework.aop.config.internalAutoProxyCreator,targetConnectionFactory,pooledConnectionFactory,connectionFactory,activeMqJmsTemplate,org.springframework.context.annotation.ConfigurationClassPostProcessor.importAwareProcessor]; root of factory hierarchy
[INFO ][20160325 16:01:12,248][SingleConnectionFactory:291] Established shared JMS Connection: PooledConnection { ConnectionPool[ActiveMQConnection {id=ID:SKY-20150604JTZ-49171-1458892872134-1:1,clientId=null,started=false}] }
[INFO ][20160325 16:01:12,396][MQProducerTest:40] ===>System.exit
[INFO ][20160325 16:01:12,396][AbstractApplicationContext:1042] Closing org.springframework.context.support.ClassPathXmlApplicationContext@7d365e01: startup date [Fri Mar 25 16:01:11 CST 2016]; root of context hierarchy
[INFO ][20160325 16:01:12,396][DefaultSingletonBeanRegistry:444] Destroying singletons in org.springframework.beans.factory.support.DefaultListableBeanFactory@5ccab23b: defining beans [org.springframework.context.annotation.internalConfigurationAnnotationProcessor,org.springframework.context.annotation.internalAutowiredAnnotationProcessor,org.springframework.context.annotation.internalRequiredAnnotationProcessor,org.springframework.context.annotation.internalCommonAnnotationProcessor,mqProducer,org.springframework.context.support.PropertySourcesPlaceholderConfigurer#0,org.springframework.aop.config.internalAutoProxyCreator,targetConnectionFactory,pooledConnectionFactory,connectionFactory,activeMqJmsTemplate,org.springframework.context.annotation.ConfigurationClassPostProcessor.importAwareProcessor]; root of factory hierarchy
[INFO ][20160325 16:51:30,370][AbstractApplicationContext:510] Refreshing org.springframework.context.support.ClassPathXmlApplicationContext@4dd849ae: startup date [Fri Mar 25 16:51:30 CST 2016]; root of context hierarchy
[INFO ][20160325 16:51:30,436][XmlBeanDefinitionReader:315] Loading XML bean definitions from class path resource [spring/spring-context.xml]
[INFO ][20160325 16:51:30,652][XmlBeanDefinitionReader:315] Loading XML bean definitions from class path resource [spring/spring-mq.xml]
[INFO ][20160325 16:51:30,808][PropertiesLoaderSupport:172] Loading properties file from class path resource [mq.properties]
[INFO ][20160325 16:51:30,851][DefaultListableBeanFactory:598] Pre-instantiating singletons in org.springframework.beans.factory.support.DefaultListableBeanFactory@3fb5900e: defining beans [org.springframework.context.annotation.internalConfigurationAnnotationProcessor,org.springframework.context.annotation.internalAutowiredAnnotationProcessor,org.springframework.context.annotation.internalRequiredAnnotationProcessor,org.springframework.context.annotation.internalCommonAnnotationProcessor,mqProducer,org.springframework.context.support.PropertySourcesPlaceholderConfigurer#0,org.springframework.aop.config.internalAutoProxyCreator,targetConnectionFactory,pooledConnectionFactory,connectionFactory,activeMqJmsTemplate,org.springframework.context.annotation.ConfigurationClassPostProcessor.importAwareProcessor]; root of factory hierarchy
[INFO ][20160325 16:51:31,256][SingleConnectionFactory:291] Established shared JMS Connection: PooledConnection { ConnectionPool[ActiveMQConnection {id=ID:SKY-20150604JTZ-50962-1458895891093-1:1,clientId=null,started=false}] }
[INFO ][20160325 16:51:31,820][MQProducerTest:40] ===>System.exit
[INFO ][20160325 16:51:31,820][AbstractApplicationContext:1042] Closing org.springframework.context.support.ClassPathXmlApplicationContext@4dd849ae: startup date [Fri Mar 25 16:51:30 CST 2016]; root of context hierarchy
[INFO ][20160325 16:51:31,820][DefaultSingletonBeanRegistry:444] Destroying singletons in org.springframework.beans.factory.support.DefaultListableBeanFactory@3fb5900e: defining beans [org.springframework.context.annotation.internalConfigurationAnnotationProcessor,org.springframework.context.annotation.internalAutowiredAnnotationProcessor,org.springframework.context.annotation.internalRequiredAnnotationProcessor,org.springframework.context.annotation.internalCommonAnnotationProcessor,mqProducer,org.springframework.context.support.PropertySourcesPlaceholderConfigurer#0,org.springframework.aop.config.internalAutoProxyCreator,targetConnectionFactory,pooledConnectionFactory,connectionFactory,activeMqJmsTemplate,org.springframework.context.annotation.ConfigurationClassPostProcessor.importAwareProcessor]; root of factory hierarchy
[INFO ][20160325 17:09:36,484][AbstractApplicationContext:510] Refreshing org.springframework.context.support.ClassPathXmlApplicationContext@18a3e8f5: startup date [Fri Mar 25 17:09:36 CST 2016]; root of context hierarchy
[INFO ][20160325 17:09:36,557][XmlBeanDefinitionReader:315] Loading XML bean definitions from class path resource [spring/spring-context.xml]
[INFO ][20160325 17:09:36,838][XmlBeanDefinitionReader:315] Loading XML bean definitions from class path resource [spring/spring-mq.xml]
[INFO ][20160325 17:09:36,981][PropertiesLoaderSupport:172] Loading properties file from class path resource [mq.properties]
[INFO ][20160325 17:09:37,032][DefaultListableBeanFactory:598] Pre-instantiating singletons in org.springframework.beans.factory.support.DefaultListableBeanFactory@5d89e7b8: defining beans [org.springframework.context.annotation.internalConfigurationAnnotationProcessor,org.springframework.context.annotation.internalAutowiredAnnotationProcessor,org.springframework.context.annotation.internalRequiredAnnotationProcessor,org.springframework.context.annotation.internalCommonAnnotationProcessor,mqProducer,org.springframework.context.support.PropertySourcesPlaceholderConfigurer#0,org.springframework.aop.config.internalAutoProxyCreator,targetConnectionFactory,pooledConnectionFactory,connectionFactory,activeMqJmsTemplate,org.springframework.context.annotation.ConfigurationClassPostProcessor.importAwareProcessor]; root of factory hierarchy
[INFO ][20160325 17:09:37,341][SingleConnectionFactory:291] Established shared JMS Connection: PooledConnection { ConnectionPool[ActiveMQConnection {id=ID:SKY-20150604JTZ-51835-1458896977228-1:1,clientId=null,started=false}] }
[INFO ][20160325 17:09:37,908][MQProducerTest:40] ===>System.exit
[INFO ][20160325 17:09:37,909][AbstractApplicationContext:1042] Closing org.springframework.context.support.ClassPathXmlApplicationContext@18a3e8f5: startup date [Fri Mar 25 17:09:36 CST 2016]; root of context hierarchy
[INFO ][20160325 17:09:37,909][DefaultSingletonBeanRegistry:444] Destroying singletons in org.springframework.beans.factory.support.DefaultListableBeanFactory@5d89e7b8: defining beans [org.springframework.context.annotation.internalConfigurationAnnotationProcessor,org.springframework.context.annotation.internalAutowiredAnnotationProcessor,org.springframework.context.annotation.internalRequiredAnnotationProcessor,org.springframework.context.annotation.internalCommonAnnotationProcessor,mqProducer,org.springframework.context.support.PropertySourcesPlaceholderConfigurer#0,org.springframework.aop.config.internalAutoProxyCreator,targetConnectionFactory,pooledConnectionFactory,connectionFactory,activeMqJmsTemplate,org.springframework.context.annotation.ConfigurationClassPostProcessor.importAwareProcessor]; root of factory hierarchy
[INFO ][20160325 17:09:46,337][AbstractApplicationContext:510] Refreshing org.springframework.context.support.ClassPathXmlApplicationContext@65218b25: startup date [Fri Mar 25 17:09:46 CST 2016]; root of context hierarchy
[INFO ][20160325 17:09:46,392][XmlBeanDefinitionReader:315] Loading XML bean definitions from class path resource [spring/spring-context.xml]
[INFO ][20160325 17:09:46,586][XmlBeanDefinitionReader:315] Loading XML bean definitions from class path resource [spring/spring-mq.xml]
[INFO ][20160325 17:09:46,710][PropertiesLoaderSupport:172] Loading properties file from class path resource [mq.properties]
[INFO ][20160325 17:09:46,751][DefaultListableBeanFactory:598] Pre-instantiating singletons in org.springframework.beans.factory.support.DefaultListableBeanFactory@d709ed1: defining beans [org.springframework.context.annotation.internalConfigurationAnnotationProcessor,org.springframework.context.annotation.internalAutowiredAnnotationProcessor,org.springframework.context.annotation.internalRequiredAnnotationProcessor,org.springframework.context.annotation.internalCommonAnnotationProcessor,mqProducer,org.springframework.context.support.PropertySourcesPlaceholderConfigurer#0,org.springframework.aop.config.internalAutoProxyCreator,targetConnectionFactory,pooledConnectionFactory,connectionFactory,activeMqJmsTemplate,org.springframework.context.annotation.ConfigurationClassPostProcessor.importAwareProcessor]; root of factory hierarchy
[INFO ][20160325 17:09:47,055][SingleConnectionFactory:291] Established shared JMS Connection: PooledConnection { ConnectionPool[ActiveMQConnection {id=ID:SKY-20150604JTZ-51847-1458896986902-1:1,clientId=null,started=false}] }
[INFO ][20160325 17:09:47,269][MQProducerTest:40] ===>System.exit
[INFO ][20160325 17:09:47,270][AbstractApplicationContext:1042] Closing org.springframework.context.support.ClassPathXmlApplicationContext@65218b25: startup date [Fri Mar 25 17:09:46 CST 2016]; root of context hierarchy
[INFO ][20160325 17:09:47,271][DefaultSingletonBeanRegistry:444] Destroying singletons in org.springframework.beans.factory.support.DefaultListableBeanFactory@d709ed1: defining beans [org.springframework.context.annotation.internalConfigurationAnnotationProcessor,org.springframework.context.annotation.internalAutowiredAnnotationProcessor,org.springframework.context.annotation.internalRequiredAnnotationProcessor,org.springframework.context.annotation.internalCommonAnnotationProcessor,mqProducer,org.springframework.context.support.PropertySourcesPlaceholderConfigurer#0,org.springframework.aop.config.internalAutoProxyCreator,targetConnectionFactory,pooledConnectionFactory,connectionFactory,activeMqJmsTemplate,org.springframework.context.annotation.ConfigurationClassPostProcessor.importAwareProcessor]; root of factory hierarchy
[INFO ][20160325 17:37:50,574][AbstractApplicationContext:510] Refreshing org.springframework.context.support.ClassPathXmlApplicationContext@65218b25: startup date [Fri Mar 25 17:37:50 CST 2016]; root of context hierarchy
[INFO ][20160325 17:37:50,688][XmlBeanDefinitionReader:315] Loading XML bean definitions from class path resource [spring/spring-context.xml]
[INFO ][20160325 17:37:50,932][XmlBeanDefinitionReader:315] Loading XML bean definitions from class path resource [spring/spring-mq.xml]
[INFO ][20160325 17:37:51,083][PropertiesLoaderSupport:172] Loading properties file from class path resource [mq.properties]
[INFO ][20160325 17:37:51,125][DefaultListableBeanFactory:598] Pre-instantiating singletons in org.springframework.beans.factory.support.DefaultListableBeanFactory@5ccab23b: defining beans [org.springframework.context.annotation.internalConfigurationAnnotationProcessor,org.springframework.context.annotation.internalAutowiredAnnotationProcessor,org.springframework.context.annotation.internalRequiredAnnotationProcessor,org.springframework.context.annotation.internalCommonAnnotationProcessor,mqProducer,org.springframework.context.support.PropertySourcesPlaceholderConfigurer#0,org.springframework.aop.config.internalAutoProxyCreator,targetConnectionFactory,pooledConnectionFactory,connectionFactory,activeMqJmsTemplate,org.springframework.context.annotation.ConfigurationClassPostProcessor.importAwareProcessor]; root of factory hierarchy
[INFO ][20160325 17:37:51,412][SingleConnectionFactory:291] Established shared JMS Connection: PooledConnection { ConnectionPool[ActiveMQConnection {id=ID:SKY-20150604JTZ-52817-1458898671278-1:1,clientId=null,started=false}] }
[INFO ][20160325 17:37:51,620][MQProducerTest:40] ===>System.exit
[INFO ][20160325 17:37:51,620][AbstractApplicationContext:1042] Closing org.springframework.context.support.ClassPathXmlApplicationContext@65218b25: startup date [Fri Mar 25 17:37:50 CST 2016]; root of context hierarchy
[INFO ][20160325 17:37:51,621][DefaultSingletonBeanRegistry:444] Destroying singletons in org.springframework.beans.factory.support.DefaultListableBeanFactory@5ccab23b: defining beans [org.springframework.context.annotation.internalConfigurationAnnotationProcessor,org.springframework.context.annotation.internalAutowiredAnnotationProcessor,org.springframework.context.annotation.internalRequiredAnnotationProcessor,org.springframework.context.annotation.internalCommonAnnotationProcessor,mqProducer,org.springframework.context.support.PropertySourcesPlaceholderConfigurer#0,org.springframework.aop.config.internalAutoProxyCreator,targetConnectionFactory,pooledConnectionFactory,connectionFactory,activeMqJmsTemplate,org.springframework.context.annotation.ConfigurationClassPostProcessor.importAwareProcessor]; root of factory hierarchy
[INFO ][20160325 17:37:53,472][AbstractApplicationContext:510] Refreshing org.springframework.context.support.ClassPathXmlApplicationContext@7d365e01: startup date [Fri Mar 25 17:37:53 CST 2016]; root of context hierarchy
[INFO ][20160325 17:37:53,523][XmlBeanDefinitionReader:315] Loading XML bean definitions from class path resource [spring/spring-context.xml]
[INFO ][20160325 17:37:53,718][XmlBeanDefinitionReader:315] Loading XML bean definitions from class path resource [spring/spring-mq.xml]
[INFO ][20160325 17:37:53,836][PropertiesLoaderSupport:172] Loading properties file from class path resource [mq.properties]
[INFO ][20160325 17:37:53,878][DefaultListableBeanFactory:598] Pre-instantiating singletons in org.springframework.beans.factory.support.DefaultListableBeanFactory@5ccab23b: defining beans [org.springframework.context.annotation.internalConfigurationAnnotationProcessor,org.springframework.context.annotation.internalAutowiredAnnotationProcessor,org.springframework.context.annotation.internalRequiredAnnotationProcessor,org.springframework.context.annotation.internalCommonAnnotationProcessor,mqProducer,org.springframework.context.support.PropertySourcesPlaceholderConfigurer#0,org.springframework.aop.config.internalAutoProxyCreator,targetConnectionFactory,pooledConnectionFactory,connectionFactory,activeMqJmsTemplate,org.springframework.context.annotation.ConfigurationClassPostProcessor.importAwareProcessor]; root of factory hierarchy
[INFO ][20160325 17:37:54,179][SingleConnectionFactory:291] Established shared JMS Connection: PooledConnection { ConnectionPool[ActiveMQConnection {id=ID:SKY-20150604JTZ-52822-1458898674027-1:1,clientId=null,started=false}] }
[INFO ][20160325 17:37:54,375][MQProducerTest:40] ===>System.exit
[INFO ][20160325 17:37:54,376][AbstractApplicationContext:1042] Closing org.springframework.context.support.ClassPathXmlApplicationContext@7d365e01: startup date [Fri Mar 25 17:37:53 CST 2016]; root of context hierarchy
[INFO ][20160325 17:37:54,376][DefaultSingletonBeanRegistry:444] Destroying singletons in org.springframework.beans.factory.support.DefaultListableBeanFactory@5ccab23b: defining beans [org.springframework.context.annotation.internalConfigurationAnnotationProcessor,org.springframework.context.annotation.internalAutowiredAnnotationProcessor,org.springframework.context.annotation.internalRequiredAnnotationProcessor,org.springframework.context.annotation.internalCommonAnnotationProcessor,mqProducer,org.springframework.context.support.PropertySourcesPlaceholderConfigurer#0,org.springframework.aop.config.internalAutoProxyCreator,targetConnectionFactory,pooledConnectionFactory,connectionFactory,activeMqJmsTemplate,org.springframework.context.annotation.ConfigurationClassPostProcessor.importAwareProcessor]; root of factory hierarchy
[INFO ][20160325 17:37:55,612][AbstractApplicationContext:510] Refreshing org.springframework.context.support.ClassPathXmlApplicationContext@65218b25: startup date [Fri Mar 25 17:37:55 CST 2016]; root of context hierarchy
[INFO ][20160325 17:37:55,667][XmlBeanDefinitionReader:315] Loading XML bean definitions from class path resource [spring/spring-context.xml]
[INFO ][20160325 17:37:55,869][XmlBeanDefinitionReader:315] Loading XML bean definitions from class path resource [spring/spring-mq.xml]
[INFO ][20160325 17:37:55,998][PropertiesLoaderSupport:172] Loading properties file from class path resource [mq.properties]
[INFO ][20160325 17:37:56,040][DefaultListableBeanFactory:598] Pre-instantiating singletons in org.springframework.beans.factory.support.DefaultListableBeanFactory@d709ed1: defining beans [org.springframework.context.annotation.internalConfigurationAnnotationProcessor,org.springframework.context.annotation.internalAutowiredAnnotationProcessor,org.springframework.context.annotation.internalRequiredAnnotationProcessor,org.springframework.context.annotation.internalCommonAnnotationProcessor,mqProducer,org.springframework.context.support.PropertySourcesPlaceholderConfigurer#0,org.springframework.aop.config.internalAutoProxyCreator,targetConnectionFactory,pooledConnectionFactory,connectionFactory,activeMqJmsTemplate,org.springframework.context.annotation.ConfigurationClassPostProcessor.importAwareProcessor]; root of factory hierarchy
[INFO ][20160325 17:37:56,327][SingleConnectionFactory:291] Established shared JMS Connection: PooledConnection { ConnectionPool[ActiveMQConnection {id=ID:SKY-20150604JTZ-52826-1458898676212-1:1,clientId=null,started=false}] }
[INFO ][20160325 17:37:56,548][MQProducerTest:40] ===>System.exit
[INFO ][20160325 17:37:56,548][AbstractApplicationContext:1042] Closing org.springframework.context.support.ClassPathXmlApplicationContext@65218b25: startup date [Fri Mar 25 17:37:55 CST 2016]; root of context hierarchy
[INFO ][20160325 17:37:56,548][DefaultSingletonBeanRegistry:444] Destroying singletons in org.springframework.beans.factory.support.DefaultListableBeanFactory@d709ed1: defining beans [org.springframework.context.annotation.internalConfigurationAnnotationProcessor,org.springframework.context.annotation.internalAutowiredAnnotationProcessor,org.springframework.context.annotation.internalRequiredAnnotationProcessor,org.springframework.context.annotation.internalCommonAnnotationProcessor,mqProducer,org.springframework.context.support.PropertySourcesPlaceholderConfigurer#0,org.springframework.aop.config.internalAutoProxyCreator,targetConnectionFactory,pooledConnectionFactory,connectionFactory,activeMqJmsTemplate,org.springframework.context.annotation.ConfigurationClassPostProcessor.importAwareProcessor]; root of factory hierarchy
[INFO ][20160325 17:37:58,209][AbstractApplicationContext:510] Refreshing org.springframework.context.support.ClassPathXmlApplicationContext@65218b25: startup date [Fri Mar 25 17:37:58 CST 2016]; root of context hierarchy
[INFO ][20160325 17:37:58,271][XmlBeanDefinitionReader:315] Loading XML bean definitions from class path resource [spring/spring-context.xml]
[INFO ][20160325 17:37:58,468][XmlBeanDefinitionReader:315] Loading XML bean definitions from class path resource [spring/spring-mq.xml]
[INFO ][20160325 17:37:58,587][PropertiesLoaderSupport:172] Loading properties file from class path resource [mq.properties]
[INFO ][20160325 17:37:58,630][DefaultListableBeanFactory:598] Pre-instantiating singletons in org.springframework.beans.factory.support.DefaultListableBeanFactory@d709ed1: defining beans [org.springframework.context.annotation.internalConfigurationAnnotationProcessor,org.springframework.context.annotation.internalAutowiredAnnotationProcessor,org.springframework.context.annotation.internalRequiredAnnotationProcessor,org.springframework.context.annotation.internalCommonAnnotationProcessor,mqProducer,org.springframework.context.support.PropertySourcesPlaceholderConfigurer#0,org.springframework.aop.config.internalAutoProxyCreator,targetConnectionFactory,pooledConnectionFactory,connectionFactory,activeMqJmsTemplate,org.springframework.context.annotation.ConfigurationClassPostProcessor.importAwareProcessor]; root of factory hierarchy
[INFO ][20160325 17:37:58,902][SingleConnectionFactory:291] Established shared JMS Connection: PooledConnection { ConnectionPool[ActiveMQConnection {id=ID:SKY-20150604JTZ-52831-1458898678775-1:1,clientId=null,started=false}] }
[INFO ][20160325 17:37:59,066][MQProducerTest:40] ===>System.exit
[INFO ][20160325 17:37:59,067][AbstractApplicationContext:1042] Closing org.springframework.context.support.ClassPathXmlApplicationContext@65218b25: startup date [Fri Mar 25 17:37:58 CST 2016]; root of context hierarchy
[INFO ][20160325 17:37:59,067][DefaultSingletonBeanRegistry:444] Destroying singletons in org.springframework.beans.factory.support.DefaultListableBeanFactory@d709ed1: defining beans [org.springframework.context.annotation.internalConfigurationAnnotationProcessor,org.springframework.context.annotation.internalAutowiredAnnotationProcessor,org.springframework.context.annotation.internalRequiredAnnotationProcessor,org.springframework.context.annotation.internalCommonAnnotationProcessor,mqProducer,org.springframework.context.support.PropertySourcesPlaceholderConfigurer#0,org.springframework.aop.config.internalAutoProxyCreator,targetConnectionFactory,pooledConnectionFactory,connectionFactory,activeMqJmsTemplate,org.springframework.context.annotation.ConfigurationClassPostProcessor.importAwareProcessor]; root of factory hierarchy
